 
****************************************
Report : area
Design : top
Version: S-2021.06-SP4
Date   : Fri Feb 23 18:23:28 2024
****************************************

Library(s) Used:

    NangateOpenCellLibrary (File: /eda/dk/nangate45/synopsys/NangateOpenCellLibrary_typical_ecsm_nowlm.db)

Number of ports:                         4730
Number of nets:                         12754
Number of cells:                         7697
Number of combinational cells:           5574
Number of sequential cells:              2027
Number of macros/black boxes:               0
Number of buf/inv:                       1399
Number of references:                       2

Combinational area:               6428.156016
Buf/Inv area:                     1008.405980
Noncombinational area:            7075.600228
Macro/Black Box area:                0.000000
Net Interconnect area:      undefined  (Wire load has zero net area)

Total cell area:                 13503.756245
Total area:                 undefined
1
